<?xml version="1.0" encoding="UTF-8"?>
<!-- Generated by org.testng.reporters.JUnitXMLReporter -->
<testsuite ignored="0" hostname="LAPTOP-VPVH4IKM" failures="0" tests="4" name="Default test" time="4.118" errors="0" timestamp="2021-10-06T11:13:37 IST">
  <testcase classname="tng.ParallelTest" name="A_TestMethod" time="1.02"/>
  <testcase classname="tng.ParallelTest" name="B_TestMethod" time="1.012"/>
  <testcase classname="tng.ParallelTest" name="C_TestMethod" time="1.009"/>
  <testcase classname="tng.ParallelTest" name="D_TestMethod" time="1.017"/>
</testsuite> <!-- Default test -->
