<?xml version="1.0" encoding="UTF-8"?>
<testng-results ignored="0" total="1" passed="1" failed="0" skipped="0">
  <reporter-output>
  </reporter-output>
  <suite started-at="2021-10-16T16:37:24 IST" name="Default suite" finished-at="2021-10-16T16:38:28 IST" duration-ms="63515">
    <groups>
    </groups>
    <test started-at="2021-10-16T16:37:24 IST" name="Default test" finished-at="2021-10-16T16:38:28 IST" duration-ms="63515">
      <class name="com.ddf.test.LoginTest.loginTest_v3_1_xml">
        <test-method signature="testOne()[pri:0, instance:com.ddf.test.LoginTest.loginTest_v3_1_xml@730d2164]" started-at="2021-10-16T16:37:24 IST" name="testOne" finished-at="2021-10-16T16:38:27 IST" duration-ms="62673" status="PASS">
          <reporter-output>
          </reporter-output>
        </test-method> <!-- testOne -->
        <test-method is-config="true" signature="endReport()[pri:0, instance:com.ddf.test.LoginTest.loginTest_v3_1_xml@730d2164]" started-at="2021-10-16T16:38:27 IST" name="endReport" finished-at="2021-10-16T16:38:28 IST" duration-ms="798" status="PASS">
          <reporter-output>
          </reporter-output>
        </test-method> <!-- endReport -->
      </class> <!-- com.ddf.test.LoginTest.loginTest_v3_1_xml -->
    </test> <!-- Default test -->
  </suite> <!-- Default suite -->
</testng-results>
