<?xml version="1.0" encoding="UTF-8"?>
<testng-results ignored="0" total="1" passed="1" failed="0" skipped="0">
  <reporter-output>
  </reporter-output>
  <suite started-at="2021-10-15T22:09:04 IST" name="Default suite" finished-at="2021-10-15T22:11:01 IST" duration-ms="116478">
    <groups>
    </groups>
    <test started-at="2021-10-15T22:09:04 IST" name="Default test" finished-at="2021-10-15T22:11:01 IST" duration-ms="116478">
      <class name="TestCases.MailTest">
        <test-method signature="mailsendRediff()[pri:0, instance:TestCases.MailTest@1b919693]" started-at="2021-10-15T22:09:04 IST" name="mailsendRediff" finished-at="2021-10-15T22:11:00 IST" duration-ms="115619" status="PASS">
          <reporter-output>
          </reporter-output>
        </test-method> <!-- mailsendRediff -->
        <test-method is-config="true" signature="flushReports()[pri:0, instance:TestCases.MailTest@1b919693]" started-at="2021-10-15T22:11:00 IST" name="flushReports" finished-at="2021-10-15T22:11:01 IST" duration-ms="812" status="PASS">
          <reporter-output>
          </reporter-output>
        </test-method> <!-- flushReports -->
      </class> <!-- TestCases.MailTest -->
    </test> <!-- Default test -->
  </suite> <!-- Default suite -->
</testng-results>
